<?xml version="1.0" encoding="UTF-8"?>
<robot generator="Robot 7.0.1 (Python 3.12.3 on win32)" generated="2024-08-09T20:37:34.750603" rpa="false" schemaversion="5">
<suite id="s1" name="Suites">
<suite id="s1-s1" name="Dashboard" source="C:\Users\THARUN_H\Downloads\Spira_Automation-test_RPA\SPIRA_Automation\Testcases\DASHBOARD_TEST\Dashboard.robot">
<test id="s1-s1-t1" name="DASHBOARD ELEMENTS VERIFICATION" line="6">
<kw name="Open Login Page" owner="Loginpage_Keywords" type="SETUP">
<kw name="Create Chrome Driver" owner="webdriver_setup">
<msg time="2024-08-09T20:37:38.767018" level="INFO">${driver} = &lt;selenium.webdriver.chrome.webdriver.WebDriver (session="9775fce33905b0b946d52bed1b04fb38")&gt;</msg>
<var>${driver}</var>
<status status="PASS" start="2024-08-09T20:37:35.220139" elapsed="3.546879"/>
</kw>
<kw name="Open Browser" owner="SeleniumLibrary">
<msg time="2024-08-09T20:37:38.767018" level="INFO">Opening browser 'headless=chrome' to base url 'about:blank'.</msg>
<msg time="2024-08-09T20:37:38.767018" level="INFO">Cannot capture screenshot because no browser is open.</msg>
<msg time="2024-08-09T20:37:38.767018" level="FAIL">ValueError: headless=chrome is not a supported browser.</msg>
<arg>about:blank</arg>
<arg>headless=chrome</arg>
<arg>${driver}</arg>
<doc>Opens a new browser instance to the optional ``url``.</doc>
<status status="FAIL" start="2024-08-09T20:37:38.767018" elapsed="0.008055">ValueError: headless=chrome is not a supported browser.</status>
</kw>
<kw name="Go To" owner="SeleniumLibrary">
<arg>${URL}</arg>
<doc>Navigates the current browser window to the provided ``url``.</doc>
<status status="NOT RUN" start="2024-08-09T20:37:38.775073" elapsed="0.000000"/>
</kw>
<status status="FAIL" start="2024-08-09T20:37:35.217625" elapsed="3.557448">ValueError: headless=chrome is not a supported browser.</status>
</kw>
<kw name="Close Browser" owner="SeleniumLibrary" type="TEARDOWN">
<doc>Closes the current browser.</doc>
<status status="PASS" start="2024-08-09T20:37:38.775073" elapsed="0.000000"/>
</kw>
<status status="FAIL" start="2024-08-09T20:37:35.217625" elapsed="3.557448">Setup failed:
ValueError: headless=chrome is not a supported browser.</status>
</test>
<status status="FAIL" start="2024-08-09T20:37:34.833398" elapsed="3.941675"/>
</suite>
<status status="FAIL" start="2024-08-09T20:37:34.806093" elapsed="3.977602"/>
</suite>
<statistics>
<total>
<stat pass="0" fail="1" skip="0">All Tests</stat>
</total>
<tag>
</tag>
<suite>
<stat pass="0" fail="1" skip="0" id="s1" name="Suites">Suites</stat>
<stat pass="0" fail="1" skip="0" id="s1-s1" name="Dashboard">Suites.Dashboard</stat>
</suite>
</statistics>
<errors>
</errors>
</robot>
