<?xml version="1.0" encoding="UTF-8"?>
<robot generator="Robot 7.0.1 (Python 3.12.3 on win32)" generated="2024-08-09T20:37:34.723251" rpa="false" schemaversion="5">
<suite id="s1" name="Suites">
<suite id="s1-s1" name="OtherMenu Test" source="C:\Users\THARUN_H\Downloads\Spira_Automation-test_RPA\SPIRA_Automation\Testcases\DASHBOARD_TEST\OtherMenu_Test.robot">
<test id="s1-s1-t1" name="OTHER DROPOWN MENU Test" line="6">
<kw name="Open Login Page" owner="Loginpage_Keywords" type="SETUP">
<kw name="Create Chrome Driver" owner="webdriver_setup">
<msg time="2024-08-09T20:37:39.579411" level="INFO">${driver} = &lt;selenium.webdriver.chrome.webdriver.WebDriver (session="b66cc02b79d02fb8aab1b75e46d3f325")&gt;</msg>
<var>${driver}</var>
<status status="PASS" start="2024-08-09T20:37:35.190207" elapsed="4.389204"/>
</kw>
<kw name="Open Browser" owner="SeleniumLibrary">
<msg time="2024-08-09T20:37:39.581041" level="INFO">Opening browser 'headless=chrome' to base url 'about:blank'.</msg>
<msg time="2024-08-09T20:37:39.581041" level="INFO">Cannot capture screenshot because no browser is open.</msg>
<msg time="2024-08-09T20:37:39.581041" level="FAIL">ValueError: headless=chrome is not a supported browser.</msg>
<arg>about:blank</arg>
<arg>headless=chrome</arg>
<arg>${driver}</arg>
<doc>Opens a new browser instance to the optional ``url``.</doc>
<status status="FAIL" start="2024-08-09T20:37:39.580187" elapsed="0.003478">ValueError: headless=chrome is not a supported browser.</status>
</kw>
<kw name="Go To" owner="SeleniumLibrary">
<arg>${URL}</arg>
<doc>Navigates the current browser window to the provided ``url``.</doc>
<status status="NOT RUN" start="2024-08-09T20:37:39.586208" elapsed="0.000000"/>
</kw>
<status status="FAIL" start="2024-08-09T20:37:35.189237" elapsed="4.396971">ValueError: headless=chrome is not a supported browser.</status>
</kw>
<kw name="Close Browser" owner="SeleniumLibrary" type="TEARDOWN">
<doc>Closes the current browser.</doc>
<status status="PASS" start="2024-08-09T20:37:39.587211" elapsed="0.000000"/>
</kw>
<status status="FAIL" start="2024-08-09T20:37:35.187487" elapsed="4.399724">Setup failed:
ValueError: headless=chrome is not a supported browser.</status>
</test>
<status status="FAIL" start="2024-08-09T20:37:34.803492" elapsed="4.785218"/>
</suite>
<status status="FAIL" start="2024-08-09T20:37:34.771847" elapsed="4.816863"/>
</suite>
<statistics>
<total>
<stat pass="0" fail="1" skip="0">All Tests</stat>
</total>
<tag>
</tag>
<suite>
<stat pass="0" fail="1" skip="0" id="s1" name="Suites">Suites</stat>
<stat pass="0" fail="1" skip="0" id="s1-s1" name="OtherMenu Test">Suites.OtherMenu Test</stat>
</suite>
</statistics>
<errors>
</errors>
</robot>
