<?xml version="1.0" encoding="UTF-8"?>
<robot generator="Robot 7.0.1 (Python 3.12.3 on win32)" generated="2024-09-23T12:54:16.867191" rpa="false" schemaversion="5">
<suite id="s1" name="SalesTracker Test" source="C:\Users\THARUN_H\Downloads\Spira_Automation-test_RPA\SPIRA_Automation\SPIRAAutomation\Testcases\DASHBOARD_TEST\SalesTracker_Test.robot">
<test id="s1-t1" name="Sales Tracker MENU Test" line="6">
<kw name="Open Login Page" owner="Loginpage_Keywords" type="SETUP">
<kw name="Evaluate" owner="BuiltIn">
<msg time="2024-09-23T12:54:17.067593" level="INFO">${options} = &lt;selenium.webdriver.chrome.options.Options object at 0x000001FA96898440&gt;</msg>
<var>${options}</var>
<arg>sys.modules['selenium.webdriver'].ChromeOptions()</arg>
<arg>sys, selenium.webdriver</arg>
<doc>Evaluates the given expression in Python and returns the result.</doc>
<status status="PASS" start="2024-09-23T12:54:17.067593" elapsed="0.000000"/>
</kw>
<kw name="Call Method" owner="BuiltIn">
<arg>${options}</arg>
<arg>add_argument</arg>
<arg>--headless</arg>
<doc>Calls the named method of the given object with the provided arguments.</doc>
<status status="PASS" start="2024-09-23T12:54:17.067593" elapsed="0.000000"/>
</kw>
<kw name="Call Method" owner="BuiltIn">
<arg>${options}</arg>
<arg>add_argument</arg>
<arg>--disable-gpu</arg>
<doc>Calls the named method of the given object with the provided arguments.</doc>
<status status="PASS" start="2024-09-23T12:54:17.068714" elapsed="0.000000"/>
</kw>
<kw name="Create Webdriver" owner="SeleniumLibrary">
<msg time="2024-09-23T12:54:17.068714" level="INFO">Creating an instance of the Chrome WebDriver.</msg>
<arg>Chrome</arg>
<arg>options=${options}</arg>
<doc>Creates an instance of Selenium WebDriver.</doc>
<status status="PASS" start="2024-09-23T12:54:17.068714" elapsed="1.388563"/>
</kw>
<kw name="Go To" owner="SeleniumLibrary">
<msg time="2024-09-23T12:54:18.464438" level="INFO">Opening url 'https://spira-qa.dtskill.com/Login'</msg>
<arg>${URL}</arg>
<doc>Navigates the current browser window to the provided ``url``.</doc>
<status status="PASS" start="2024-09-23T12:54:18.457277" elapsed="2.471709"/>
</kw>
<kw name="Sleep" owner="BuiltIn">
<msg time="2024-09-23T12:54:25.929461" level="INFO">Slept 5 seconds.</msg>
<arg>5s</arg>
<doc>Pauses the test executed for the given time.</doc>
<status status="PASS" start="2024-09-23T12:54:20.928986" elapsed="5.000475"/>
</kw>
<status status="PASS" start="2024-09-23T12:54:17.062377" elapsed="8.867084"/>
</kw>
<kw name="Maximize Browser Window" owner="SeleniumLibrary">
<doc>Maximizes current browser window.</doc>
<status status="PASS" start="2024-09-23T12:54:25.929461" elapsed="0.035250"/>
</kw>
<kw name="Fill Login Form" owner="Loginpage_Keywords">
<kw name="Input Text" owner="SeleniumLibrary">
<msg time="2024-09-23T12:54:25.967222" level="INFO">Typing text 'admin@gmail.com' into text field 'id=spira username'.</msg>
<arg>id=spira username</arg>
<arg>${email}</arg>
<doc>Types the given ``text`` into the text field identified by ``locator``.</doc>
<status status="PASS" start="2024-09-23T12:54:25.964711" elapsed="0.192706"/>
</kw>
<kw name="Input Text" owner="SeleniumLibrary">
<msg time="2024-09-23T12:54:26.157417" level="INFO">Typing text '123456' into text field 'id=password'.</msg>
<arg>id=password</arg>
<arg>${password}</arg>
<doc>Types the given ``text`` into the text field identified by ``locator``.</doc>
<status status="PASS" start="2024-09-23T12:54:26.157417" elapsed="0.084216"/>
</kw>
<arg>admin@gmail.com</arg>
<arg>123456</arg>
<status status="PASS" start="2024-09-23T12:54:25.964711" elapsed="0.276922"/>
</kw>
<kw name="Check Checkbox" owner="Loginpage_Keywords">
<kw name="Run Keyword And Return Status" owner="BuiltIn">
<kw name="Element Should Be Selected" owner="Loginpage_Keywords">
<kw name="Wait Until Element Is Visible" owner="SeleniumLibrary">
<arg>${locator}</arg>
<arg>10 seconds</arg>
<doc>Waits until the element ``locator`` is visible.</doc>
<status status="PASS" start="2024-09-23T12:54:26.242028" elapsed="0.028727"/>
</kw>
<kw name="Click Element" owner="SeleniumLibrary">
<msg time="2024-09-23T12:54:26.270755" level="INFO">Clicking element 'xpath=//*[@id='root']/div/div[2]/div[1]/form/div[2]/div/label[1]/span'.</msg>
<arg>${locator}</arg>
<doc>Click the element identified by ``locator``.</doc>
<status status="PASS" start="2024-09-23T12:54:26.270755" elapsed="0.066018"/>
</kw>
<kw name="Get Element Attribute" owner="SeleniumLibrary">
<msg time="2024-09-23T12:54:26.342608" level="INFO">${is_selected} = None</msg>
<var>${is_selected}</var>
<arg>${locator}</arg>
<arg>checked</arg>
<doc>Returns the value of ``attribute`` from the element ``locator``.</doc>
<status status="PASS" start="2024-09-23T12:54:26.336773" elapsed="0.005835"/>
</kw>
<kw name="Should Be Equal As Strings" owner="BuiltIn">
<msg time="2024-09-23T12:54:26.345725" level="INFO">Argument types are:
&lt;class 'NoneType'&gt;
&lt;class 'str'&gt;</msg>
<msg time="2024-09-23T12:54:26.345725" level="FAIL">None != true</msg>
<arg>${is_selected}</arg>
<arg>true</arg>
<doc>Fails if objects are unequal after converting them to strings.</doc>
<status status="FAIL" start="2024-09-23T12:54:26.342608" elapsed="0.003117">None != true</status>
</kw>
<arg>${locator}</arg>
<status status="FAIL" start="2024-09-23T12:54:26.242028" elapsed="0.103697">None != true</status>
</kw>
<msg time="2024-09-23T12:54:26.345725" level="INFO">${is_selected} = False</msg>
<var>${is_selected}</var>
<arg>Element Should Be Selected</arg>
<arg>${locator}</arg>
<doc>Runs the given keyword with given arguments and returns the status as a Boolean value.</doc>
<status status="PASS" start="2024-09-23T12:54:26.242028" elapsed="0.103697"/>
</kw>
<kw name="Run Keyword If" owner="BuiltIn">
<kw name="Click Element" owner="SeleniumLibrary">
<msg time="2024-09-23T12:54:26.345725" level="INFO">Clicking element 'xpath=//*[@id='root']/div/div[2]/div[1]/form/div[2]/div/label[1]/span'.</msg>
<arg>${locator}</arg>
<doc>Click the element identified by ``locator``.</doc>
<status status="PASS" start="2024-09-23T12:54:26.345725" elapsed="0.016658"/>
</kw>
<arg>not ${is_selected}</arg>
<arg>Click Element</arg>
<arg>${locator}</arg>
<doc>Runs the given keyword with the given arguments, if ``condition`` is true.</doc>
<status status="PASS" start="2024-09-23T12:54:26.345725" elapsed="0.016658"/>
</kw>
<arg>${CHECKBOX}</arg>
<status status="PASS" start="2024-09-23T12:54:26.242028" elapsed="0.120355"/>
</kw>
<kw name="Run Keyword And Return Status" owner="BuiltIn">
<kw name="Element Should Be Selected" owner="Loginpage_Keywords">
<kw name="Wait Until Element Is Visible" owner="SeleniumLibrary">
<arg>${locator}</arg>
<arg>10 seconds</arg>
<doc>Waits until the element ``locator`` is visible.</doc>
<status status="PASS" start="2024-09-23T12:54:26.367548" elapsed="0.005063"/>
</kw>
<kw name="Click Element" owner="SeleniumLibrary">
<msg time="2024-09-23T12:54:26.377360" level="INFO">Clicking element 'xpath=//*[@id='root']/div/div[2]/div[1]/form/div[2]/div/label[1]/span'.</msg>
<arg>${locator}</arg>
<doc>Click the element identified by ``locator``.</doc>
<status status="PASS" start="2024-09-23T12:54:26.372611" elapsed="0.031777"/>
</kw>
<kw name="Get Element Attribute" owner="SeleniumLibrary">
<msg time="2024-09-23T12:54:26.412760" level="INFO">${is_selected} = None</msg>
<var>${is_selected}</var>
<arg>${locator}</arg>
<arg>checked</arg>
<doc>Returns the value of ``attribute`` from the element ``locator``.</doc>
<status status="PASS" start="2024-09-23T12:54:26.404388" elapsed="0.008372"/>
</kw>
<kw name="Should Be Equal As Strings" owner="BuiltIn">
<msg time="2024-09-23T12:54:26.412760" level="INFO">Argument types are:
&lt;class 'NoneType'&gt;
&lt;class 'str'&gt;</msg>
<msg time="2024-09-23T12:54:26.412760" level="FAIL">None != true</msg>
<arg>${is_selected}</arg>
<arg>true</arg>
<doc>Fails if objects are unequal after converting them to strings.</doc>
<status status="FAIL" start="2024-09-23T12:54:26.412760" elapsed="0.000000">None != true</status>
</kw>
<arg>${CHECKBOX}</arg>
<status status="FAIL" start="2024-09-23T12:54:26.362383" elapsed="0.050377">None != true</status>
</kw>
<msg time="2024-09-23T12:54:26.412760" level="INFO">${selected} = False</msg>
<var>${selected}</var>
<arg>Element Should Be Selected</arg>
<arg>${CHECKBOX}</arg>
<doc>Runs the given keyword with given arguments and returns the status as a Boolean value.</doc>
<status status="PASS" start="2024-09-23T12:54:26.362383" elapsed="0.050377"/>
</kw>
<kw name="Click Login Button" owner="Loginpage_Keywords">
<kw name="Click Element" owner="SeleniumLibrary">
<msg time="2024-09-23T12:54:26.412760" level="INFO">Clicking element 'css=.spira-ui-btn'.</msg>
<arg>${LOGIN_BUTTON}</arg>
<doc>Click the element identified by ``locator``.</doc>
<status status="PASS" start="2024-09-23T12:54:26.412760" elapsed="0.044384"/>
</kw>
<status status="PASS" start="2024-09-23T12:54:26.412760" elapsed="0.044384"/>
</kw>
<kw name="Sleep" owner="BuiltIn">
<msg time="2024-09-23T12:54:36.457770" level="INFO">Slept 10 seconds.</msg>
<arg>10s</arg>
<doc>Pauses the test executed for the given time.</doc>
<status status="PASS" start="2024-09-23T12:54:26.457144" elapsed="10.000626"/>
</kw>
<kw name="Navigate To Page After Login" owner="Dashboard_keywords">
<kw name="Go To" owner="SeleniumLibrary">
<msg time="2024-09-23T12:54:36.457770" level="INFO">Opening url 'https://spira-qa.dtskill.com/SpiraAI/Dashboard'</msg>
<arg>${target_page_url}</arg>
<doc>Navigates the current browser window to the provided ``url``.</doc>
<status status="PASS" start="2024-09-23T12:54:36.457770" elapsed="0.340882"/>
</kw>
<kw name="Sleep" owner="BuiltIn">
<msg time="2024-09-23T12:54:39.798782" level="INFO">Slept 3 seconds.</msg>
<arg>3s</arg>
<doc>Pauses the test executed for the given time.</doc>
<status status="PASS" start="2024-09-23T12:54:36.798652" elapsed="3.000130"/>
</kw>
<arg>${TARGET_PAGE_URL}</arg>
<status status="PASS" start="2024-09-23T12:54:36.457770" elapsed="3.341012"/>
</kw>
<kw name="Click Element" owner="SeleniumLibrary">
<msg time="2024-09-23T12:54:39.798782" level="INFO">Clicking element 'css=.homesidebar-rightarrow'.</msg>
<arg>${DROPDOWN_PATH_CLICK}</arg>
<doc>Click the element identified by ``locator``.</doc>
<status status="PASS" start="2024-09-23T12:54:39.798782" elapsed="0.081519"/>
</kw>
<kw name="Test SalesTracker Menu" owner="Dashboard_keywords">
<kw name="Wait Until Element Is Visible" owner="SeleniumLibrary">
<arg>${DASHBOARD_PATH}</arg>
<arg>5s</arg>
<doc>Waits until the element ``locator`` is visible.</doc>
<status status="PASS" start="2024-09-23T12:54:39.881457" elapsed="0.250992"/>
</kw>
<kw name="Click Element" owner="SeleniumLibrary">
<msg time="2024-09-23T12:54:40.135958" level="INFO">Clicking element 'xpath = //*[@id='root']/main/aside/div[2]/ul/li[2]/div[2]/div/ul/div[1]'.</msg>
<arg>${DASHBOARD_PATH}</arg>
<doc>Click the element identified by ``locator``.</doc>
<status status="PASS" start="2024-09-23T12:54:40.135958" elapsed="0.193969"/>
</kw>
<kw name="Get Text" owner="SeleniumLibrary">
<msg time="2024-09-23T12:54:40.408293" level="INFO">${selected_option} = Dashboard</msg>
<var>${selected_option}</var>
<arg>${DASHBOARD_PATH}</arg>
<doc>Returns the text value of the element identified by ``locator``.</doc>
<status status="PASS" start="2024-09-23T12:54:40.329927" elapsed="0.078366"/>
</kw>
<kw name="Should Be Equal" owner="BuiltIn">
<arg>${selected_option}</arg>
<arg>Dashboard</arg>
<doc>Fails if the given objects are unequal.</doc>
<status status="PASS" start="2024-09-23T12:54:40.408293" elapsed="0.000000"/>
</kw>
<kw name="Sleep" owner="BuiltIn">
<msg time="2024-09-23T12:54:43.408575" level="INFO">Slept 3 seconds.</msg>
<arg>3s</arg>
<doc>Pauses the test executed for the given time.</doc>
<status status="PASS" start="2024-09-23T12:54:40.408293" elapsed="3.000282"/>
</kw>
<kw name="Wait Until Element Is Visible" owner="SeleniumLibrary">
<arg>${ALLENQUIRIES_PATH}</arg>
<arg>5s</arg>
<doc>Waits until the element ``locator`` is visible.</doc>
<status status="PASS" start="2024-09-23T12:54:43.408575" elapsed="0.032112"/>
</kw>
<kw name="Click Element" owner="SeleniumLibrary">
<msg time="2024-09-23T12:54:43.440687" level="INFO">Clicking element 'xpath = //*[@id='root']/main/aside/div[2]/ul/li[2]/div[2]/div/ul/div[2]'.</msg>
<arg>${ALLENQUIRIES_PATH}</arg>
<doc>Click the element identified by ``locator``.</doc>
<status status="PASS" start="2024-09-23T12:54:43.440687" elapsed="0.146571"/>
</kw>
<kw name="Get Text" owner="SeleniumLibrary">
<msg time="2024-09-23T12:54:43.617476" level="INFO">${selected_option} = 0
All Enquiries</msg>
<var>${selected_option}</var>
<arg>${ALLENQUIRIES_PATH}</arg>
<doc>Returns the text value of the element identified by ``locator``.</doc>
<status status="PASS" start="2024-09-23T12:54:43.587258" elapsed="0.030218"/>
</kw>
<kw name="Page Should Contain Element" owner="SeleniumLibrary">
<msg time="2024-09-23T12:54:43.633124" level="INFO">Current page contains element 'xpath = //*[@id='root']/main/aside/div[2]/ul/li[2]/div[2]/div/ul/div[2]/li/div'.</msg>
<arg>${NOTIFICATIONS}</arg>
<doc>Verifies that element ``locator`` is found on the current page.</doc>
<status status="PASS" start="2024-09-23T12:54:43.617476" elapsed="0.015648"/>
</kw>
<kw name="Sleep" owner="BuiltIn">
<msg time="2024-09-23T12:54:46.633701" level="INFO">Slept 3 seconds.</msg>
<arg>3s</arg>
<doc>Pauses the test executed for the given time.</doc>
<status status="PASS" start="2024-09-23T12:54:43.633124" elapsed="3.000577"/>
</kw>
<kw name="Wait Until Element Is Visible" owner="SeleniumLibrary">
<arg>${AWAITINGQUOTES_PATH}</arg>
<arg>5s</arg>
<doc>Waits until the element ``locator`` is visible.</doc>
<status status="PASS" start="2024-09-23T12:54:46.633701" elapsed="0.034113"/>
</kw>
<kw name="Click Element" owner="SeleniumLibrary">
<msg time="2024-09-23T12:54:46.667814" level="INFO">Clicking element 'xpath = //*[@id='root']/main/aside/div[2]/ul/li[2]/div[2]/div/ul/div[3]/li'.</msg>
<arg>${AWAITINGQUOTES_PATH}</arg>
<doc>Click the element identified by ``locator``.</doc>
<status status="PASS" start="2024-09-23T12:54:46.667814" elapsed="0.129706"/>
</kw>
<kw name="Get Text" owner="SeleniumLibrary">
<msg time="2024-09-23T12:54:46.827053" level="INFO">${selected_option} = 0
Awaiting Quote</msg>
<var>${selected_option}</var>
<arg>${AWAITINGQUOTES_PATH}</arg>
<doc>Returns the text value of the element identified by ``locator``.</doc>
<status status="PASS" start="2024-09-23T12:54:46.797520" elapsed="0.029533"/>
</kw>
<kw name="Sleep" owner="BuiltIn">
<msg time="2024-09-23T12:54:49.827716" level="INFO">Slept 3 seconds.</msg>
<arg>3s</arg>
<doc>Pauses the test executed for the given time.</doc>
<status status="PASS" start="2024-09-23T12:54:46.827053" elapsed="3.000663"/>
</kw>
<kw name="Wait Until Element Is Visible" owner="SeleniumLibrary">
<arg>${AWAITINGORDERS_PATH}</arg>
<arg>5s</arg>
<doc>Waits until the element ``locator`` is visible.</doc>
<status status="PASS" start="2024-09-23T12:54:49.827716" elapsed="0.032006"/>
</kw>
<kw name="Click Element" owner="SeleniumLibrary">
<msg time="2024-09-23T12:54:49.859722" level="INFO">Clicking element 'xpath = //*[@id='root']/main/aside/div[2]/ul/li[2]/div[2]/div/ul/div[4]/li'.</msg>
<arg>${AWAITINGORDERS_PATH}</arg>
<doc>Click the element identified by ``locator``.</doc>
<status status="PASS" start="2024-09-23T12:54:49.859722" elapsed="0.119948"/>
</kw>
<kw name="Get Text" owner="SeleniumLibrary">
<msg time="2024-09-23T12:54:50.007647" level="INFO">${selected_option} = 0
Awaiting Order</msg>
<var>${selected_option}</var>
<arg>${AWAITINGORDERS_PATH}</arg>
<doc>Returns the text value of the element identified by ``locator``.</doc>
<status status="PASS" start="2024-09-23T12:54:49.979670" elapsed="0.027977"/>
</kw>
<kw name="Sleep" owner="BuiltIn">
<msg time="2024-09-23T12:54:53.012722" level="INFO">Slept 3 seconds.</msg>
<arg>3s</arg>
<doc>Pauses the test executed for the given time.</doc>
<status status="PASS" start="2024-09-23T12:54:50.012096" elapsed="3.000626"/>
</kw>
<kw name="Wait Until Element Is Visible" owner="SeleniumLibrary">
<arg>${ORDERPLACED_PATH}</arg>
<arg>5s</arg>
<doc>Waits until the element ``locator`` is visible.</doc>
<status status="PASS" start="2024-09-23T12:54:53.012722" elapsed="0.029863"/>
</kw>
<kw name="Click Element" owner="SeleniumLibrary">
<msg time="2024-09-23T12:54:53.042585" level="INFO">Clicking element 'xpath = //*[@id='root']/main/aside/div[2]/ul/li[2]/div[2]/div/ul/div[5]/li'.</msg>
<arg>${ORDERPLACED_PATH}</arg>
<doc>Click the element identified by ``locator``.</doc>
<status status="PASS" start="2024-09-23T12:54:53.042585" elapsed="0.088637"/>
</kw>
<kw name="Get Text" owner="SeleniumLibrary">
<msg time="2024-09-23T12:54:53.159064" level="INFO">${selected_option} = 0
Order Placed</msg>
<var>${selected_option}</var>
<arg>${ORDERPLACED_PATH}</arg>
<doc>Returns the text value of the element identified by ``locator``.</doc>
<status status="PASS" start="2024-09-23T12:54:53.131222" elapsed="0.028043"/>
</kw>
<kw name="Sleep" owner="BuiltIn">
<msg time="2024-09-23T12:54:56.159517" level="INFO">Slept 3 seconds.</msg>
<arg>3s</arg>
<doc>Pauses the test executed for the given time.</doc>
<status status="PASS" start="2024-09-23T12:54:53.159265" elapsed="3.000252"/>
</kw>
<kw name="Wait Until Element Is Visible" owner="SeleniumLibrary">
<arg>${REPORT_PATH}</arg>
<arg>5s</arg>
<doc>Waits until the element ``locator`` is visible.</doc>
<status status="PASS" start="2024-09-23T12:54:56.159517" elapsed="0.017722"/>
</kw>
<kw name="Click Element" owner="SeleniumLibrary">
<msg time="2024-09-23T12:54:56.177239" level="INFO">Clicking element 'xpath = //*[@id='root']/main/aside/div[2]/ul/li[2]/div[2]/div/ul/div[6]/li'.</msg>
<arg>${REPORT_PATH}</arg>
<doc>Click the element identified by ``locator``.</doc>
<status status="PASS" start="2024-09-23T12:54:56.177239" elapsed="0.119967"/>
</kw>
<kw name="Get Text" owner="SeleniumLibrary">
<msg time="2024-09-23T12:54:56.327071" level="INFO">${selected_option} = 0
Report</msg>
<var>${selected_option}</var>
<arg>${REPORT_PATH}</arg>
<doc>Returns the text value of the element identified by ``locator``.</doc>
<status status="PASS" start="2024-09-23T12:54:56.297206" elapsed="0.029865"/>
</kw>
<kw name="Sleep" owner="BuiltIn">
<msg time="2024-09-23T12:54:59.327738" level="INFO">Slept 3 seconds.</msg>
<arg>3s</arg>
<doc>Pauses the test executed for the given time.</doc>
<status status="PASS" start="2024-09-23T12:54:56.327071" elapsed="3.001366"/>
</kw>
<kw name="Click Element" owner="SeleniumLibrary">
<msg time="2024-09-23T12:54:59.328684" level="INFO">Clicking element 'css=.homesidebar-rightarrow'.</msg>
<arg>${DROPDOWN_PATH_CLICK}</arg>
<doc>Click the element identified by ``locator``.</doc>
<status status="PASS" start="2024-09-23T12:54:59.328684" elapsed="0.067508"/>
</kw>
<kw name="Sleep" owner="BuiltIn">
<msg time="2024-09-23T12:55:00.396627" level="INFO">Slept 1 second.</msg>
<arg>1s</arg>
<doc>Pauses the test executed for the given time.</doc>
<status status="PASS" start="2024-09-23T12:54:59.396192" elapsed="1.000435"/>
</kw>
<status status="PASS" start="2024-09-23T12:54:39.881457" elapsed="20.515170"/>
</kw>
<kw name="Close Browser" owner="SeleniumLibrary" type="TEARDOWN">
<doc>Closes the current browser.</doc>
<status status="PASS" start="2024-09-23T12:55:00.397152" elapsed="2.121796"/>
</kw>
<status status="PASS" start="2024-09-23T12:54:17.062377" elapsed="45.457368"/>
</test>
<status status="PASS" start="2024-09-23T12:54:16.867191" elapsed="45.652554"/>
</suite>
<statistics>
<total>
<stat pass="1" fail="0" skip="0">All Tests</stat>
</total>
<tag>
</tag>
<suite>
<stat pass="1" fail="0" skip="0" id="s1" name="SalesTracker Test">SalesTracker Test</stat>
</suite>
</statistics>
<errors>
</errors>
</robot>
