<?xml version="1.0" encoding="UTF-8"?>
<robot generator="Robot 7.0.1 (Python 3.12.3 on win32)" generated="2024-09-06T18:29:15.889717" rpa="false" schemaversion="5">
<suite id="s1" name="Suites">
<suite id="s1-s1" name="UserMenu Test" source="C:\Users\THARUN_H\Downloads\Spira_Automation-test_RPA\SPIRA_Automation\Testcases\DASHBOARD_TEST\UserMenu_Test.robot">
<test id="s1-s1-t1" name="USERS MENU Test" line="6">
<kw name="Open Login Page" owner="Loginpage_Keywords" type="SETUP">
<kw name="Evaluate" owner="BuiltIn">
<msg time="2024-09-06T18:29:19.416889" level="INFO">${options} = &lt;selenium.webdriver.chrome.options.Options object at 0x0000022422EA41A0&gt;</msg>
<var>${options}</var>
<arg>sys.modules['selenium.webdriver'].ChromeOptions()</arg>
<arg>sys, selenium.webdriver</arg>
<doc>Evaluates the given expression in Python and returns the result.</doc>
<status status="PASS" start="2024-09-06T18:29:19.415853" elapsed="0.001036"/>
</kw>
<kw name="Call Method" owner="BuiltIn">
<arg>${options}</arg>
<arg>add_argument</arg>
<arg>--headless</arg>
<doc>Calls the named method of the given object with the provided arguments.</doc>
<status status="PASS" start="2024-09-06T18:29:19.416889" elapsed="0.000777"/>
</kw>
<kw name="Call Method" owner="BuiltIn">
<arg>${options}</arg>
<arg>add_argument</arg>
<arg>--disable-gpu</arg>
<doc>Calls the named method of the given object with the provided arguments.</doc>
<status status="PASS" start="2024-09-06T18:29:19.417666" elapsed="0.000000"/>
</kw>
<kw name="Create Webdriver" owner="SeleniumLibrary">
<msg time="2024-09-06T18:29:19.418947" level="INFO">Creating an instance of the Chrome WebDriver.</msg>
<arg>Chrome</arg>
<arg>options=${options}</arg>
<doc>Creates an instance of Selenium WebDriver.</doc>
<status status="PASS" start="2024-09-06T18:29:19.417666" elapsed="2.344449"/>
</kw>
<kw name="Go To" owner="SeleniumLibrary">
<msg time="2024-09-06T18:29:21.762115" level="INFO">Opening url 'https://spira-qa.dtskill.com/Login'</msg>
<arg>${URL}</arg>
<doc>Navigates the current browser window to the provided ``url``.</doc>
<status status="PASS" start="2024-09-06T18:29:21.762115" elapsed="0.907471"/>
</kw>
<kw name="Sleep" owner="BuiltIn">
<msg time="2024-09-06T18:29:27.673796" level="INFO">Slept 5 seconds.</msg>
<arg>5s</arg>
<doc>Pauses the test executed for the given time.</doc>
<status status="PASS" start="2024-09-06T18:29:22.669586" elapsed="5.004210"/>
</kw>
<status status="PASS" start="2024-09-06T18:29:19.413251" elapsed="8.261066"/>
</kw>
<kw name="Maximize Browser Window" owner="SeleniumLibrary">
<doc>Maximizes current browser window.</doc>
<status status="PASS" start="2024-09-06T18:29:27.674317" elapsed="13.167697"/>
</kw>
<kw name="Fill Login Form" owner="Loginpage_Keywords">
<kw name="Input Text" owner="SeleniumLibrary">
<msg time="2024-09-06T18:29:40.845415" level="INFO">Typing text 'admin@gmail.com' into text field 'id=spira username'.</msg>
<arg>id=spira username</arg>
<arg>${email}</arg>
<doc>Types the given ``text`` into the text field identified by ``locator``.</doc>
<status status="PASS" start="2024-09-06T18:29:40.842014" elapsed="0.454565"/>
</kw>
<kw name="Input Text" owner="SeleniumLibrary">
<msg time="2024-09-06T18:29:41.298629" level="INFO">Typing text '123456' into text field 'id=password'.</msg>
<arg>id=password</arg>
<arg>${password}</arg>
<doc>Types the given ``text`` into the text field identified by ``locator``.</doc>
<status status="PASS" start="2024-09-06T18:29:41.296579" elapsed="0.157376"/>
</kw>
<arg>admin@gmail.com</arg>
<arg>123456</arg>
<status status="PASS" start="2024-09-06T18:29:40.842014" elapsed="0.614457"/>
</kw>
<kw name="Check Checkbox" owner="Loginpage_Keywords">
<kw name="Run Keyword And Return Status" owner="BuiltIn">
<kw name="Element Should Be Selected" owner="Loginpage_Keywords">
<kw name="Wait Until Element Is Visible" owner="SeleniumLibrary">
<arg>${locator}</arg>
<arg>10 seconds</arg>
<doc>Waits until the element ``locator`` is visible.</doc>
<status status="PASS" start="2024-09-06T18:29:41.456471" elapsed="0.040218"/>
</kw>
<kw name="Click Element" owner="SeleniumLibrary">
<msg time="2024-09-06T18:29:41.496689" level="INFO">Clicking element 'xpath=//*[@id='root']/div/div[2]/div[1]/form/div[2]/div/label[1]/span'.</msg>
<arg>${locator}</arg>
<doc>Click the element identified by ``locator``.</doc>
<status status="PASS" start="2024-09-06T18:29:41.496689" elapsed="0.082667"/>
</kw>
<kw name="Get Element Attribute" owner="SeleniumLibrary">
<msg time="2024-09-06T18:29:41.606881" level="INFO">${is_selected} = None</msg>
<var>${is_selected}</var>
<arg>${locator}</arg>
<arg>checked</arg>
<doc>Returns the value of ``attribute`` from the element ``locator``.</doc>
<status status="PASS" start="2024-09-06T18:29:41.579356" elapsed="0.027525"/>
</kw>
<kw name="Should Be Equal As Strings" owner="BuiltIn">
<msg time="2024-09-06T18:29:41.606881" level="INFO">Argument types are:
&lt;class 'NoneType'&gt;
&lt;class 'str'&gt;</msg>
<msg time="2024-09-06T18:29:41.606881" level="FAIL">None != true</msg>
<arg>${is_selected}</arg>
<arg>true</arg>
<doc>Fails if objects are unequal after converting them to strings.</doc>
<status status="FAIL" start="2024-09-06T18:29:41.606881" elapsed="0.000000">None != true</status>
</kw>
<arg>${locator}</arg>
<status status="FAIL" start="2024-09-06T18:29:41.456471" elapsed="0.150410">None != true</status>
</kw>
<msg time="2024-09-06T18:29:41.606881" level="INFO">${is_selected} = False</msg>
<var>${is_selected}</var>
<arg>Element Should Be Selected</arg>
<arg>${locator}</arg>
<doc>Runs the given keyword with given arguments and returns the status as a Boolean value.</doc>
<status status="PASS" start="2024-09-06T18:29:41.456471" elapsed="0.150410"/>
</kw>
<kw name="Run Keyword If" owner="BuiltIn">
<kw name="Click Element" owner="SeleniumLibrary">
<msg time="2024-09-06T18:29:41.610914" level="INFO">Clicking element 'xpath=//*[@id='root']/div/div[2]/div[1]/form/div[2]/div/label[1]/span'.</msg>
<arg>${locator}</arg>
<doc>Click the element identified by ``locator``.</doc>
<status status="PASS" start="2024-09-06T18:29:41.610914" elapsed="0.064386"/>
</kw>
<arg>not ${is_selected}</arg>
<arg>Click Element</arg>
<arg>${locator}</arg>
<doc>Runs the given keyword with the given arguments, if ``condition`` is true.</doc>
<status status="PASS" start="2024-09-06T18:29:41.606881" elapsed="0.068419"/>
</kw>
<arg>${CHECKBOX}</arg>
<status status="PASS" start="2024-09-06T18:29:41.456471" elapsed="0.218829"/>
</kw>
<kw name="Run Keyword And Return Status" owner="BuiltIn">
<kw name="Element Should Be Selected" owner="Loginpage_Keywords">
<kw name="Wait Until Element Is Visible" owner="SeleniumLibrary">
<arg>${locator}</arg>
<arg>10 seconds</arg>
<doc>Waits until the element ``locator`` is visible.</doc>
<status status="PASS" start="2024-09-06T18:29:41.676811" elapsed="0.042540"/>
</kw>
<kw name="Click Element" owner="SeleniumLibrary">
<msg time="2024-09-06T18:29:41.721663" level="INFO">Clicking element 'xpath=//*[@id='root']/div/div[2]/div[1]/form/div[2]/div/label[1]/span'.</msg>
<arg>${locator}</arg>
<doc>Click the element identified by ``locator``.</doc>
<status status="PASS" start="2024-09-06T18:29:41.721663" elapsed="0.064988"/>
</kw>
<kw name="Get Element Attribute" owner="SeleniumLibrary">
<msg time="2024-09-06T18:29:41.814692" level="INFO">${is_selected} = None</msg>
<var>${is_selected}</var>
<arg>${locator}</arg>
<arg>checked</arg>
<doc>Returns the value of ``attribute`` from the element ``locator``.</doc>
<status status="PASS" start="2024-09-06T18:29:41.786651" elapsed="0.028041"/>
</kw>
<kw name="Should Be Equal As Strings" owner="BuiltIn">
<msg time="2024-09-06T18:29:41.816315" level="INFO">Argument types are:
&lt;class 'NoneType'&gt;
&lt;class 'str'&gt;</msg>
<msg time="2024-09-06T18:29:41.816828" level="FAIL">None != true</msg>
<arg>${is_selected}</arg>
<arg>true</arg>
<doc>Fails if objects are unequal after converting them to strings.</doc>
<status status="FAIL" start="2024-09-06T18:29:41.814692" elapsed="0.002136">None != true</status>
</kw>
<arg>${CHECKBOX}</arg>
<status status="FAIL" start="2024-09-06T18:29:41.676811" elapsed="0.140550">None != true</status>
</kw>
<msg time="2024-09-06T18:29:41.818511" level="INFO">${selected} = False</msg>
<var>${selected}</var>
<arg>Element Should Be Selected</arg>
<arg>${CHECKBOX}</arg>
<doc>Runs the given keyword with given arguments and returns the status as a Boolean value.</doc>
<status status="PASS" start="2024-09-06T18:29:41.675300" elapsed="0.143211"/>
</kw>
<kw name="Click Login Button" owner="Loginpage_Keywords">
<kw name="Click Element" owner="SeleniumLibrary">
<msg time="2024-09-06T18:29:41.818511" level="INFO">Clicking element 'css=.spira-ui-btn'.</msg>
<arg>${LOGIN_BUTTON}</arg>
<doc>Click the element identified by ``locator``.</doc>
<status status="PASS" start="2024-09-06T18:29:41.818511" elapsed="0.078141"/>
</kw>
<status status="PASS" start="2024-09-06T18:29:41.818511" elapsed="0.078141"/>
</kw>
<kw name="Sleep" owner="BuiltIn">
<msg time="2024-09-06T18:29:51.896769" level="INFO">Slept 10 seconds.</msg>
<arg>10s</arg>
<doc>Pauses the test executed for the given time.</doc>
<status status="PASS" start="2024-09-06T18:29:41.896652" elapsed="10.000117"/>
</kw>
<kw name="Navigate To Page After Login" owner="Dashboard_keywords">
<kw name="Go To" owner="SeleniumLibrary">
<msg time="2024-09-06T18:29:51.901332" level="INFO">Opening url 'https://spira-qa.dtskill.com/SpiraAI/Dashboard'</msg>
<arg>${target_page_url}</arg>
<doc>Navigates the current browser window to the provided ``url``.</doc>
<status status="PASS" start="2024-09-06T18:29:51.896769" elapsed="0.985111"/>
</kw>
<kw name="Sleep" owner="BuiltIn">
<msg time="2024-09-06T18:29:55.882127" level="INFO">Slept 3 seconds.</msg>
<arg>3s</arg>
<doc>Pauses the test executed for the given time.</doc>
<status status="PASS" start="2024-09-06T18:29:52.881880" elapsed="3.000247"/>
</kw>
<arg>${TARGET_PAGE_URL}</arg>
<status status="PASS" start="2024-09-06T18:29:51.896769" elapsed="3.985358"/>
</kw>
<kw name="Test Users Dropdown" owner="Dashboard_keywords">
<kw name="Wait Until Element Is Visible" owner="SeleniumLibrary">
<arg>${USERMANAGEMENT}</arg>
<arg>5s</arg>
<doc>Waits until the element ``locator`` is visible.</doc>
<status status="PASS" start="2024-09-06T18:29:55.882127" elapsed="0.037846"/>
</kw>
<kw name="Click Element" owner="SeleniumLibrary">
<msg time="2024-09-06T18:29:55.919973" level="INFO">Clicking element '//*[@id='root']/main/aside/div[2]/div/div[1]/div'.</msg>
<arg>${USERMANAGEMENT}</arg>
<doc>Click the element identified by ``locator``.</doc>
<status status="PASS" start="2024-09-06T18:29:55.919973" elapsed="0.318659"/>
</kw>
<kw name="Sleep" owner="BuiltIn">
<msg time="2024-09-06T18:29:59.239027" level="INFO">Slept 3 seconds.</msg>
<arg>3s</arg>
<doc>Pauses the test executed for the given time.</doc>
<status status="PASS" start="2024-09-06T18:29:56.238632" elapsed="3.000395"/>
</kw>
<kw name="Wait Until Element Is Visible" owner="SeleniumLibrary">
<arg>${FILTER_USER}</arg>
<arg>5s</arg>
<doc>Waits until the element ``locator`` is visible.</doc>
<status status="PASS" start="2024-09-06T18:29:59.239027" elapsed="0.024993"/>
</kw>
<kw name="Wait Until Element Is Visible" owner="SeleniumLibrary">
<arg>${SEARCH_USER}</arg>
<arg>5s</arg>
<doc>Waits until the element ``locator`` is visible.</doc>
<status status="PASS" start="2024-09-06T18:29:59.264020" elapsed="0.026138"/>
</kw>
<kw name="Wait Until Element Is Visible" owner="SeleniumLibrary">
<arg>${ADDNEW_USER}</arg>
<arg>5s</arg>
<doc>Waits until the element ``locator`` is visible.</doc>
<status status="PASS" start="2024-09-06T18:29:59.291227" elapsed="0.021748"/>
</kw>
<kw name="Click Element" owner="SeleniumLibrary">
<msg time="2024-09-06T18:29:59.315224" level="INFO">Clicking element 'xpath=//*[@id='root']/main/section/div/div[2]/div[2]/button'.</msg>
<arg>${ADDNEW_USER}</arg>
<doc>Click the element identified by ``locator``.</doc>
<status status="PASS" start="2024-09-06T18:29:59.315224" elapsed="0.159823"/>
</kw>
<kw name="Wait Until Element Is Visible" owner="SeleniumLibrary">
<arg>${USER_POPUP}</arg>
<doc>Waits until the element ``locator`` is visible.</doc>
<status status="PASS" start="2024-09-06T18:29:59.475047" elapsed="0.477036"/>
</kw>
<kw name="Page Should Contain Element" owner="SeleniumLibrary">
<msg time="2024-09-06T18:29:59.971497" level="INFO">Current page contains element 'css=.frm-group .frm-field'.</msg>
<arg>${INPUT_USER_POPUP}</arg>
<doc>Verifies that element ``locator`` is found on the current page.</doc>
<status status="PASS" start="2024-09-06T18:29:59.952837" elapsed="0.018660"/>
</kw>
<kw name="Page Should Contain Element" owner="SeleniumLibrary">
<msg time="2024-09-06T18:29:59.996594" level="INFO">Current page contains element 'css=.slct-arw'.</msg>
<arg>${SELECTARROW_USER_POPUP}</arg>
<doc>Verifies that element ``locator`` is found on the current page.</doc>
<status status="PASS" start="2024-09-06T18:29:59.971497" elapsed="0.025097"/>
</kw>
<kw name="Click Element" owner="SeleniumLibrary">
<msg time="2024-09-06T18:29:59.996594" level="INFO">Clicking element 'css=.slct-arw'.</msg>
<arg>${SELECTARROW_USER_POPUP}</arg>
<doc>Click the element identified by ``locator``.</doc>
<status status="PASS" start="2024-09-06T18:29:59.996594" elapsed="0.092815"/>
</kw>
<kw name="Page Should Contain Element" owner="SeleniumLibrary">
<msg time="2024-09-06T18:30:00.107915" level="INFO">Current page contains element 'css =.uldropdown.active'.</msg>
<arg>${ULMENU_USER_POPUP}</arg>
<doc>Verifies that element ``locator`` is found on the current page.</doc>
<status status="PASS" start="2024-09-06T18:30:00.089409" elapsed="0.018506"/>
</kw>
<kw name="Page Should Contain Element" owner="SeleniumLibrary">
<msg time="2024-09-06T18:30:00.122656" level="INFO">Current page contains element 'css=.spira-ui-btn'.</msg>
<arg>${SAVE_USER_POPUP}</arg>
<doc>Verifies that element ``locator`` is found on the current page.</doc>
<status status="PASS" start="2024-09-06T18:30:00.107915" elapsed="0.014741"/>
</kw>
<kw name="Click Element" owner="SeleniumLibrary">
<msg time="2024-09-06T18:30:00.122656" level="INFO">Clicking element 'css=.edit-popup .anticon svg'.</msg>
<arg>${CANCEL_USER}</arg>
<doc>Click the element identified by ``locator``.</doc>
<status status="PASS" start="2024-09-06T18:30:00.122656" elapsed="0.187622"/>
</kw>
<status status="PASS" start="2024-09-06T18:29:55.882127" elapsed="4.428151"/>
</kw>
<kw name="TEST Quality Menu" owner="Dashboard_keywords">
<kw name="Wait Until Element Is Visible" owner="SeleniumLibrary">
<arg>${QUALITY}</arg>
<arg>5s</arg>
<doc>Waits until the element ``locator`` is visible.</doc>
<status status="PASS" start="2024-09-06T18:30:00.310278" elapsed="0.038246"/>
</kw>
<kw name="Click Element" owner="SeleniumLibrary">
<msg time="2024-09-06T18:30:00.348524" level="INFO">Clicking element 'xpath=//*[@id='root']/main/aside/div[2]/ul/li[3]/div[1]/div'.</msg>
<arg>${QUALITY}</arg>
<doc>Click the element identified by ``locator``.</doc>
<status status="PASS" start="2024-09-06T18:30:00.348524" elapsed="0.271198"/>
</kw>
<kw name="Sleep" owner="BuiltIn">
<msg time="2024-09-06T18:30:03.619894" level="INFO">Slept 3 seconds.</msg>
<arg>3s</arg>
<doc>Pauses the test executed for the given time.</doc>
<status status="PASS" start="2024-09-06T18:30:00.619722" elapsed="3.000172"/>
</kw>
<kw name="Wait Until Element Is Visible" owner="SeleniumLibrary">
<arg>${LOGO_QUALITY}</arg>
<doc>Waits until the element ``locator`` is visible.</doc>
<status status="PASS" start="2024-09-06T18:30:03.619894" elapsed="0.020504"/>
</kw>
<kw name="Page Should Contain Element" owner="SeleniumLibrary">
<msg time="2024-09-06T18:30:03.649135" level="INFO">Current page contains element 'xpath=//*[@id='root']/main/section/div/div[1]/div[2]/div[1]/button'.</msg>
<arg>${LOGO_QUALITY}</arg>
<doc>Verifies that element ``locator`` is found on the current page.</doc>
<status status="PASS" start="2024-09-06T18:30:03.640398" elapsed="0.008737"/>
</kw>
<kw name="Page Should Contain Element" owner="SeleniumLibrary">
<msg time="2024-09-06T18:30:03.662044" level="INFO">Current page contains element 'xpath=//*[@id='root']/main/section/div/div[1]/div[2]/div[2]/button'.</msg>
<arg>${LOGO2_QUALITY}</arg>
<doc>Verifies that element ``locator`` is found on the current page.</doc>
<status status="PASS" start="2024-09-06T18:30:03.649135" elapsed="0.012909"/>
</kw>
<kw name="Page Should Contain Element" owner="SeleniumLibrary">
<msg time="2024-09-06T18:30:03.673802" level="INFO">Current page contains element 'xpath = //*[@id='root']/main/section/div/div[1]/div[2]/div[3]/button'.</msg>
<arg>${LOGO3_QUALITY}</arg>
<doc>Verifies that element ``locator`` is found on the current page.</doc>
<status status="PASS" start="2024-09-06T18:30:03.662044" elapsed="0.011758"/>
</kw>
<kw name="Page Should Contain Element" owner="SeleniumLibrary">
<msg time="2024-09-06T18:30:03.680145" level="INFO">Current page contains element 'css =.file-upload'.</msg>
<arg>${UPLOAD_QUALITY}</arg>
<doc>Verifies that element ``locator`` is found on the current page.</doc>
<status status="PASS" start="2024-09-06T18:30:03.673802" elapsed="0.011191"/>
</kw>
<kw name="Page Should Contain Element" owner="SeleniumLibrary">
<msg time="2024-09-06T18:30:03.690601" level="INFO">Current page contains element 'css=.spira-ui-btn'.</msg>
<arg>${VIEWDB_QUALITY}</arg>
<doc>Verifies that element ``locator`` is found on the current page.</doc>
<status status="PASS" start="2024-09-06T18:30:03.684993" elapsed="0.005608"/>
</kw>
<status status="PASS" start="2024-09-06T18:30:00.310278" elapsed="3.380323"/>
</kw>
<kw name="Test Quote generator" owner="Dashboard_keywords">
<kw name="Wait Until Element Is Visible" owner="SeleniumLibrary">
<arg>${QUOTE_GENERATOR}</arg>
<arg>5s</arg>
<doc>Waits until the element ``locator`` is visible.</doc>
<status status="PASS" start="2024-09-06T18:30:03.690601" elapsed="0.020601"/>
</kw>
<kw name="Click Element" owner="SeleniumLibrary">
<msg time="2024-09-06T18:30:03.711708" level="INFO">Clicking element 'xpath = //*[@id='root']/main/aside/div[2]/ul/li[4]/div[1]/div'.</msg>
<arg>${QUOTE_GENERATOR}</arg>
<doc>Click the element identified by ``locator``.</doc>
<status status="PASS" start="2024-09-06T18:30:03.711708" elapsed="0.104943"/>
</kw>
<kw name="Sleep" owner="BuiltIn">
<msg time="2024-09-06T18:30:06.816777" level="INFO">Slept 3 seconds.</msg>
<arg>3s</arg>
<doc>Pauses the test executed for the given time.</doc>
<status status="PASS" start="2024-09-06T18:30:03.816651" elapsed="3.000126"/>
</kw>
<kw name="Page Should Contain Element" owner="SeleniumLibrary">
<msg time="2024-09-06T18:30:06.831712" level="INFO">Current page contains element 'css=.slct-arw'.</msg>
<arg>${SIDEARROW_QUALITYMGMT}</arg>
<doc>Verifies that element ``locator`` is found on the current page.</doc>
<status status="PASS" start="2024-09-06T18:30:06.816777" elapsed="0.014935"/>
</kw>
<kw name="Page Should Contain Element" owner="SeleniumLibrary">
<msg time="2024-09-06T18:30:06.841480" level="INFO">Current page contains element 'css=.spira-ui-btn'.</msg>
<arg>${BUTTON_QUALITYMGMT}</arg>
<doc>Verifies that element ``locator`` is found on the current page.</doc>
<status status="PASS" start="2024-09-06T18:30:06.831712" elapsed="0.009768"/>
</kw>
<kw name="Page Should Contain Element" owner="SeleniumLibrary">
<msg time="2024-09-06T18:30:06.849920" level="INFO">Current page contains element 'xpath=//*[@id='root']/main/section/div/div[2]/div[2]/button[1]'.</msg>
<arg>${BUTTON1_QUALITYMGMT}</arg>
<doc>Verifies that element ``locator`` is found on the current page.</doc>
<status status="PASS" start="2024-09-06T18:30:06.841480" elapsed="0.008440"/>
</kw>
<kw name="Page Should Contain Element" owner="SeleniumLibrary">
<msg time="2024-09-06T18:30:06.866555" level="INFO">Current page contains element 'xpath=//*[@id='root']/main/section/div/div[2]/div[2]/button[2]'.</msg>
<arg>${BUTTON2_QUALITYMGMT}</arg>
<doc>Verifies that element ``locator`` is found on the current page.</doc>
<status status="PASS" start="2024-09-06T18:30:06.849920" elapsed="0.016635"/>
</kw>
<kw name="Page Should Contain Element" owner="SeleniumLibrary">
<msg time="2024-09-06T18:30:06.879552" level="INFO">Current page contains element '//*[@id='root']/main/section/div/div[2]/div[5]/button'.</msg>
<arg>${BUTTON3_QUALITYMGMT}</arg>
<doc>Verifies that element ``locator`` is found on the current page.</doc>
<status status="PASS" start="2024-09-06T18:30:06.866555" elapsed="0.012997"/>
</kw>
<status status="PASS" start="2024-09-06T18:30:03.690601" elapsed="3.188951"/>
</kw>
<kw name="Test Feedback Menu" owner="Dashboard_keywords">
<kw name="Wait Until Element Is Visible" owner="SeleniumLibrary">
<arg>${FEEDBACK}</arg>
<arg>5s</arg>
<doc>Waits until the element ``locator`` is visible.</doc>
<status status="PASS" start="2024-09-06T18:30:06.879552" elapsed="0.020411"/>
</kw>
<kw name="Click Element" owner="SeleniumLibrary">
<msg time="2024-09-06T18:30:06.899963" level="INFO">Clicking element 'xpath=//*[@id='root']/main/aside/div[2]/ul/li[5]/div[1]/div[2]'.</msg>
<arg>${FEEDBACK}</arg>
<doc>Click the element identified by ``locator``.</doc>
<status status="PASS" start="2024-09-06T18:30:06.899963" elapsed="0.052688"/>
</kw>
<kw name="Sleep" owner="BuiltIn">
<msg time="2024-09-06T18:30:09.952959" level="INFO">Slept 3 seconds.</msg>
<arg>3s</arg>
<doc>Pauses the test executed for the given time.</doc>
<status status="PASS" start="2024-09-06T18:30:06.952651" elapsed="3.000308"/>
</kw>
<kw name="Wait Until Element Is Visible" owner="SeleniumLibrary">
<arg>${FEEDBACKFORM_PATH}</arg>
<arg>5s</arg>
<doc>Waits until the element ``locator`` is visible.</doc>
<status status="PASS" start="2024-09-06T18:30:09.952959" elapsed="0.023633"/>
</kw>
<kw name="Page Should Contain Element" owner="SeleniumLibrary">
<msg time="2024-09-06T18:30:09.986954" level="INFO">Current page contains element 'xpath = //*[@id='root']/main/aside/div[2]/ul/li[5]/div[2]/div/ul/div[1]'.</msg>
<arg>${FEEDBACKFORM_PATH}</arg>
<doc>Verifies that element ``locator`` is found on the current page.</doc>
<status status="PASS" start="2024-09-06T18:30:09.977495" elapsed="0.009459"/>
</kw>
<kw name="Sleep" owner="BuiltIn">
<msg time="2024-09-06T18:30:10.987181" level="INFO">Slept 1 second.</msg>
<arg>1s</arg>
<doc>Pauses the test executed for the given time.</doc>
<status status="PASS" start="2024-09-06T18:30:09.986954" elapsed="1.000227"/>
</kw>
<kw name="Wait Until Element Is Visible" owner="SeleniumLibrary">
<arg>${FEEDBACKDATA_PATH}</arg>
<arg>5s</arg>
<doc>Waits until the element ``locator`` is visible.</doc>
<status status="PASS" start="2024-09-06T18:30:10.987181" elapsed="0.032192"/>
</kw>
<kw name="Page Should Contain Element" owner="SeleniumLibrary">
<msg time="2024-09-06T18:30:11.031729" level="INFO">Current page contains element 'xpath = //*[@id='root']/main/aside/div[2]/ul/li[5]/div[2]/div/ul/div[2]'.</msg>
<arg>${FEEDBACKDATA_PATH}</arg>
<doc>Verifies that element ``locator`` is found on the current page.</doc>
<status status="PASS" start="2024-09-06T18:30:11.019373" elapsed="0.012356"/>
</kw>
<kw name="Sleep" owner="BuiltIn">
<msg time="2024-09-06T18:30:12.031934" level="INFO">Slept 1 second.</msg>
<arg>1s</arg>
<doc>Pauses the test executed for the given time.</doc>
<status status="PASS" start="2024-09-06T18:30:11.031729" elapsed="1.000205"/>
</kw>
<status status="PASS" start="2024-09-06T18:30:06.879552" elapsed="5.152382"/>
</kw>
<kw name="Close Browser" owner="SeleniumLibrary" type="TEARDOWN">
<doc>Closes the current browser.</doc>
<status status="PASS" start="2024-09-06T18:30:12.031934" elapsed="2.173007"/>
</kw>
<status status="PASS" start="2024-09-06T18:29:19.413251" elapsed="54.791690"/>
</test>
<status status="PASS" start="2024-09-06T18:29:15.971589" elapsed="58.233352"/>
</suite>
<status status="PASS" start="2024-09-06T18:29:15.941457" elapsed="58.263484"/>
</suite>
<statistics>
<total>
<stat pass="1" fail="0" skip="0">All Tests</stat>
</total>
<tag>
</tag>
<suite>
<stat pass="1" fail="0" skip="0" id="s1" name="Suites">Suites</stat>
<stat pass="1" fail="0" skip="0" id="s1-s1" name="UserMenu Test">Suites.UserMenu Test</stat>
</suite>
</statistics>
<errors>
<msg time="2024-09-06T18:29:19.393333" level="ERROR">Error in file 'C:\Users\THARUN_H\Downloads\Spira_Automation-test_RPA\SPIRA_Automation\settings\Settings.robot' on line 3: Importing library 'C:\Users\THARUN_H\Downloads\Spira_Automation-test_RPA\SPIRA_Automation\webdriver_setup.py' failed: JSONDecodeError: Expecting value: line 1 column 1 (char 0)
Traceback (most recent call last):
  File "C:\Users\THARUN_H\Downloads\Spira_Automation-test_RPA\SPIRA_Automation\webdriver_setup.py", line 6, in &lt;module&gt;
    driver = webdriver.Chrome(service=Service(ChromeDriverManager().install()))
                                              ^^^^^^^^^^^^^^^^^^^^^^^^^^^^^^^
  File "C:\Users\THARUN_H\Downloads\Spira_Automation-test_RPA\SPIRA_Automation\venv\Lib\site-packages\webdriver_manager\chrome.py", line 40, in install
    driver_path = self._get_driver_binary_path(self.driver)
                  ^^^^^^^^^^^^^^^^^^^^^^^^^^^^^^^^^^^^^^^^^
  File "C:\Users\THARUN_H\Downloads\Spira_Automation-test_RPA\SPIRA_Automation\venv\Lib\site-packages\webdriver_manager\core\manager.py", line 35, in _get_driver_binary_path
    binary_path = self._cache_manager.find_driver(driver)
                  ^^^^^^^^^^^^^^^^^^^^^^^^^^^^^^^^^^^^^^^
  File "C:\Users\THARUN_H\Downloads\Spira_Automation-test_RPA\SPIRA_Automation\venv\Lib\site-packages\webdriver_manager\core\driver_cache.py", line 108, in find_driver
    metadata = self.load_metadata_content()
               ^^^^^^^^^^^^^^^^^^^^^^^^^^^^
  File "C:\Users\THARUN_H\Downloads\Spira_Automation-test_RPA\SPIRA_Automation\venv\Lib\site-packages\webdriver_manager\core\driver_cache.py", line 137, in load_metadata_content
    return json.load(outfile)
           ^^^^^^^^^^^^^^^^^^
  File "C:\Program Files\Python312\Lib\json\__init__.py", line 293, in load
    return loads(fp.read(),
           ^^^^^^^^^^^^^^^^
  File "C:\Program Files\Python312\Lib\json\__init__.py", line 346, in loads
    return _default_decoder.decode(s)
           ^^^^^^^^^^^^^^^^^^^^^^^^^^
  File "C:\Program Files\Python312\Lib\json\decoder.py", line 337, in decode
    obj, end = self.raw_decode(s, idx=_w(s, 0).end())
               ^^^^^^^^^^^^^^^^^^^^^^^^^^^^^^^^^^^^^^
  File "C:\Program Files\Python312\Lib\json\decoder.py", line 355, in raw_decode
    raise JSONDecodeError("Expecting value", s, err.value) from None
PYTHONPATH:
  C:\Users\THARUN_H\Downloads\Spira_Automation-test_RPA\SPIRA_Automation
  C:\Users\THARUN_H\Downloads\Spira_Automation-test_RPA\SPIRA_Automation\venv\Scripts\robot.exe
  C:\Program Files\Python312\python312.zip
  C:\Program Files\Python312\DLLs
  C:\Program Files\Python312\Lib
  C:\Program Files\Python312
  C:\Users\THARUN_H\Downloads\Spira_Automation-test_RPA\SPIRA_Automation\venv
  C:\Users\THARUN_H\Downloads\Spira_Automation-test_RPA\SPIRA_Automation\venv\Lib\site-packages</msg>
</errors>
</robot>
